18-10-02.08:45:26.449 [main            ] INFO  ZeusWebApplication      - Starting ZeusWebApplication on DESKTOP-0LBIGHJ with PID 10328 (started by gimoxie in D:\project - java\zeus)
18-10-02.08:45:26.464 [main            ] INFO  ZeusWebApplication      - No active profile set, falling back to default profiles: default
18-10-02.08:45:26.527 [main            ] INFO  AnnotationConfigServletWebServerApplicationContext  - Refreshing org.springframework.boot.web.servlet.context.AnnotationConfigServletWebServerApplicationContext@4bff1903: startup date [Tue Oct 02 08:45:26 CST 2018]; root of context hierarchy
18-10-02.08:45:27.918 [main            ] INFO  RepositoryConfigurationDelegate  - Multiple Spring Data modules found, entering strict repository configuration mode!
18-10-02.08:45:28.605 [main            ] INFO  PostProcessorRegistrationDelegate$BeanPostProcessorChecker  - Bean 'org.springframework.transaction.annotation.ProxyTransactionManagementConfiguration' of type [org.springframework.transaction.annotation.ProxyTransactionManagementConfiguration$$EnhancerBySpringCGLIB$$cdb17deb] is not eligible for getting processed by all BeanPostProcessors (for example: not eligible for auto-proxying)
18-10-02.08:45:28.980 [main            ] ERROR AprLifecycleListener    - An incompatible version [1.2.10] of the APR based Apache Tomcat Native library is installed, while Tomcat requires version [1.2.14]
18-10-02.08:45:29.121 [main            ] INFO  TomcatWebServer         - Tomcat initialized with port(s): 8080 (http)
18-10-02.08:45:29.136 [main            ] ERROR AprLifecycleListener    - An incompatible version [1.2.10] of the APR based Apache Tomcat Native library is installed, while Tomcat requires version [1.2.14]
18-10-02.08:45:29.136 [main            ] INFO  Http11NioProtocol       - Initializing ProtocolHandler ["http-nio-8080"]
18-10-02.08:45:29.168 [main            ] INFO  StandardService         - Starting service [Tomcat]
18-10-02.08:45:29.168 [main            ] INFO  StandardEngine          - Starting Servlet Engine: Apache Tomcat/8.5.31
18-10-02.08:45:29.183 [localhost-startStop-1] ERROR AprLifecycleListener    - An incompatible version [1.2.10] of the APR based Apache Tomcat Native library is installed, while Tomcat requires version [1.2.14]
18-10-02.08:45:29.340 [localhost-startStop-1] INFO  [/]                     - Initializing Spring embedded WebApplicationContext
18-10-02.08:45:29.340 [localhost-startStop-1] INFO  ContextLoader           - Root WebApplicationContext: initialization completed in 2813 ms
18-10-02.08:45:29.527 [localhost-startStop-1] INFO  ServletRegistrationBean  - Servlet dispatcherServlet mapped to [/]
18-10-02.08:45:29.543 [localhost-startStop-1] INFO  FilterRegistrationBean  - Mapping filter: 'characterEncodingFilter' to: [/*]
18-10-02.08:45:29.543 [localhost-startStop-1] INFO  FilterRegistrationBean  - Mapping filter: 'hiddenHttpMethodFilter' to: [/*]
18-10-02.08:45:29.543 [localhost-startStop-1] INFO  FilterRegistrationBean  - Mapping filter: 'httpPutFormContentFilter' to: [/*]
18-10-02.08:45:29.543 [localhost-startStop-1] INFO  FilterRegistrationBean  - Mapping filter: 'requestContextFilter' to: [/*]
18-10-02.08:45:30.277 [main            ] INFO  RedisConfig             - JedisConnectionFactory bean init success.
18-10-02.08:45:30.475 [main            ] INFO  SimpleUrlHandlerMapping  - Mapped URL path [/**/favicon.ico] onto handler of type [class org.springframework.web.servlet.resource.ResourceHttpRequestHandler]
18-10-02.08:45:30.880 [main            ] INFO  RequestMappingHandlerAdapter  - Looking for @ControllerAdvice: org.springframework.boot.web.servlet.context.AnnotationConfigServletWebServerApplicationContext@4bff1903: startup date [Tue Oct 02 08:45:26 CST 2018]; root of context hierarchy
18-10-02.08:45:30.932 [main            ] INFO  RequestMappingHandlerMapping  - Mapped "{[/index],methods=[GET]}" onto public java.lang.String io.gimo.zeus.web.controller.PageController.toIndex()
18-10-02.08:45:30.932 [main            ] INFO  RequestMappingHandlerMapping  - Mapped "{[/dashboard],methods=[GET]}" onto public java.lang.String io.gimo.zeus.web.controller.PageController.toDashboard()
18-10-02.08:45:30.932 [main            ] INFO  RequestMappingHandlerMapping  - Mapped "{[/login],methods=[GET]}" onto public java.lang.String io.gimo.zeus.web.controller.PageController.toLogin()
18-10-02.08:45:30.932 [main            ] INFO  RequestMappingHandlerMapping  - Mapped "{[/testDataSource1]}" onto public java.util.List<io.gimo.zeus.db.po.db1.User> io.gimo.zeus.web.controller.TestController.testDataSource1()
18-10-02.08:45:30.932 [main            ] INFO  RequestMappingHandlerMapping  - Mapped "{[/testDataSource2]}" onto public java.util.List<io.gimo.zeus.db.po.db2.User2> io.gimo.zeus.web.controller.TestController.testDataSource2()
18-10-02.08:45:30.948 [main            ] INFO  RequestMappingHandlerMapping  - Mapped "{[/error]}" onto public org.springframework.http.ResponseEntity<java.util.Map<java.lang.String, java.lang.Object>> org.springframework.boot.autoconfigure.web.servlet.error.BasicErrorController.error(javax.servlet.http.HttpServletRequest)
18-10-02.08:45:30.948 [main            ] INFO  RequestMappingHandlerMapping  - Mapped "{[/error],produces=[text/html]}" onto public org.springframework.web.servlet.ModelAndView org.springframework.boot.autoconfigure.web.servlet.error.BasicErrorController.errorHtml(javax.servlet.http.HttpServletRequest,javax.servlet.http.HttpServletResponse)
18-10-02.08:45:30.963 [main            ] INFO  SimpleUrlHandlerMapping  - Mapped URL path [/webjars/**] onto handler of type [class org.springframework.web.servlet.resource.ResourceHttpRequestHandler]
18-10-02.08:45:30.963 [main            ] INFO  SimpleUrlHandlerMapping  - Mapped URL path [/**] onto handler of type [class org.springframework.web.servlet.resource.ResourceHttpRequestHandler]
18-10-02.08:45:31.462 [main            ] INFO  FreeMarkerConfigurer    - ClassTemplateLoader for Spring macros added to FreeMarker configuration
18-10-02.08:45:31.649 [main            ] INFO  AnnotationMBeanExporter  - Registering beans for JMX exposure on startup
18-10-02.08:45:31.665 [main            ] INFO  AnnotationMBeanExporter  - Bean with name 'db1DataSource' has been autodetected for JMX exposure
18-10-02.08:45:31.665 [main            ] INFO  AnnotationMBeanExporter  - Bean with name 'db2DataSource' has been autodetected for JMX exposure
18-10-02.08:45:31.665 [main            ] INFO  AnnotationMBeanExporter  - Bean with name 'zeusdbDataSource' has been autodetected for JMX exposure
18-10-02.08:45:31.665 [main            ] INFO  AnnotationMBeanExporter  - Located MBean 'zeusdbDataSource': registering with JMX server as MBean [com.alibaba.druid.pool:name=zeusdbDataSource,type=DruidDataSource]
18-10-02.08:45:31.680 [main            ] INFO  AnnotationMBeanExporter  - Located MBean 'db1DataSource': registering with JMX server as MBean [com.alibaba.druid.pool:name=db1DataSource,type=DruidDataSource]
18-10-02.08:45:31.680 [main            ] INFO  AnnotationMBeanExporter  - Located MBean 'db2DataSource': registering with JMX server as MBean [com.alibaba.druid.pool:name=db2DataSource,type=DruidDataSource]
18-10-02.08:45:31.696 [main            ] INFO  Http11NioProtocol       - Starting ProtocolHandler ["http-nio-8080"]
18-10-02.08:45:31.727 [main            ] INFO  NioSelectorPool         - Using a shared selector for servlet write/read
18-10-02.08:45:31.743 [main            ] INFO  TomcatWebServer         - Tomcat started on port(s): 8080 (http) with context path ''
18-10-02.08:45:31.758 [main            ] INFO  ZeusWebApplication      - Started ZeusWebApplication in 6.479 seconds (JVM running for 9.639)
18-10-02.08:45:46.121 [http-nio-8080-exec-2] ERROR AprLifecycleListener    - An incompatible version [1.2.10] of the APR based Apache Tomcat Native library is installed, while Tomcat requires version [1.2.14]
18-10-02.08:45:46.137 [http-nio-8080-exec-2] INFO  [/]                     - Initializing Spring FrameworkServlet 'dispatcherServlet'
18-10-02.08:45:46.137 [http-nio-8080-exec-2] INFO  DispatcherServlet       - FrameworkServlet 'dispatcherServlet': initialization started
18-10-02.08:45:46.181 [http-nio-8080-exec-2] INFO  DispatcherServlet       - FrameworkServlet 'dispatcherServlet': initialization completed in 44 ms
18-10-02.08:45:46.483 [http-nio-8080-exec-4] ERROR AprLifecycleListener    - An incompatible version [1.2.10] of the APR based Apache Tomcat Native library is installed, while Tomcat requires version [1.2.14]
18-10-02.08:45:46.484 [http-nio-8080-exec-5] ERROR AprLifecycleListener    - An incompatible version [1.2.10] of the APR based Apache Tomcat Native library is installed, while Tomcat requires version [1.2.14]
18-10-02.08:45:46.487 [http-nio-8080-exec-3] ERROR AprLifecycleListener    - An incompatible version [1.2.10] of the APR based Apache Tomcat Native library is installed, while Tomcat requires version [1.2.14]
18-10-02.08:45:46.490 [http-nio-8080-exec-6] ERROR AprLifecycleListener    - An incompatible version [1.2.10] of the APR based Apache Tomcat Native library is installed, while Tomcat requires version [1.2.14]
18-10-02.08:45:46.493 [http-nio-8080-exec-7] ERROR AprLifecycleListener    - An incompatible version [1.2.10] of the APR based Apache Tomcat Native library is installed, while Tomcat requires version [1.2.14]
